<?xml version="1.0" encoding="UTF-8"?>
<!-- Generated by org.testng.reporters.JUnitXMLReporter -->
<testsuite ignored="0" hostname="DESKTOP-VSH99KT" failures="3" tests="13" name="Test" time="232.7" errors="0" timestamp="2025-12-11T10:30:16 IST">
  <testcase classname="tests.user.SidebarMenu.UserMyAssetTest" name="testMyAssetsPageDisplayed" time="42.193">
    <failure type="org.openqa.selenium.TimeoutException" message="Expected condition failed: waiting for element to be clickable: By.xpath: //android.view.ViewGroup[@content-desc=&amp;apos;English&amp;apos;]/android.widget.ImageView (tried for 20 second(s) with 500 milliseconds interval)
Build info: version: &amp;apos;4.13.0&amp;apos;, revision: &amp;apos;ba948ece5b*&amp;apos;
System info: os.name: &amp;apos;Windows 10&amp;apos;, os.arch: &amp;apos;amd64&amp;apos;, os.version: &amp;apos;10.0&amp;apos;, java.version: &amp;apos;21.0.8&amp;apos;
Driver info: io.appium.java_client.android.AndroidDriver
Capabilities {appium:app: C:\Users\HP\eclipse-workspa..., appium:appActivity: com.pagarplus.app.MainActivity, appium:appPackage: com.pagarplus.app, appium:autoGrantPermissions: true, appium:automationName: UiAutomator2, appium:databaseEnabled: false, appium:desired: {app: C:\Users\HP\eclipse-workspa..., autoGrantPermissions: true, automationName: UiAutomator2, deviceName: Android Device, fullReset: false, ignoreHiddenApiPolicyError: true, newCommandTimeout: 300, noReset: true, platformName: ANDROID, udid: 8HN7RSTGQ8LJNFGA}, appium:deviceApiLevel: 28, appium:deviceManufacturer: OPPO, appium:deviceModel: CPH2015, appium:deviceName: 8HN7RSTGQ8LJNFGA, appium:deviceScreenDensity: 320, appium:deviceScreenSize: 720x1600, appium:deviceUDID: 8HN7RSTGQ8LJNFGA, appium:fullReset: false, appium:ignoreHiddenApiPolicyError: true, appium:javascriptEnabled: true, appium:locationContextEnabled: false, appium:networkConnectionEnabled: true, appium:newCommandTimeout: 300, appium:noReset: true, appium:pixelRatio: 2, appium:platformVersion: 9, appium:statBarHeight: 56, appium:takesScreenshot: true, appium:udid: 8HN7RSTGQ8LJNFGA, appium:viewportRect: {height: 1544, left: 0, top: 56, width: 720}, appium:warnings: {}, appium:webStorageEnabled: false, platformName: ANDROID}
Session ID: 08897da2-793e-4f1f-8bca-b38157ca7710">
      <![CDATA[org.openqa.selenium.TimeoutException: Expected condition failed: waiting for element to be clickable: By.xpath: //android.view.ViewGroup[@content-desc='English']/android.widget.ImageView (tried for 20 second(s) with 500 milliseconds interval)
Build info: version: '4.13.0', revision: 'ba948ece5b*'
System info: os.name: 'Windows 10', os.arch: 'amd64', os.version: '10.0', java.version: '21.0.8'
Driver info: io.appium.java_client.android.AndroidDriver
Capabilities {appium:app: C:\Users\HP\eclipse-workspa..., appium:appActivity: com.pagarplus.app.MainActivity, appium:appPackage: com.pagarplus.app, appium:autoGrantPermissions: true, appium:automationName: UiAutomator2, appium:databaseEnabled: false, appium:desired: {app: C:\Users\HP\eclipse-workspa..., autoGrantPermissions: true, automationName: UiAutomator2, deviceName: Android Device, fullReset: false, ignoreHiddenApiPolicyError: true, newCommandTimeout: 300, noReset: true, platformName: ANDROID, udid: 8HN7RSTGQ8LJNFGA}, appium:deviceApiLevel: 28, appium:deviceManufacturer: OPPO, appium:deviceModel: CPH2015, appium:deviceName: 8HN7RSTGQ8LJNFGA, appium:deviceScreenDensity: 320, appium:deviceScreenSize: 720x1600, appium:deviceUDID: 8HN7RSTGQ8LJNFGA, appium:fullReset: false, appium:ignoreHiddenApiPolicyError: true, appium:javascriptEnabled: true, appium:locationContextEnabled: false, appium:networkConnectionEnabled: true, appium:newCommandTimeout: 300, appium:noReset: true, appium:pixelRatio: 2, appium:platformVersion: 9, appium:statBarHeight: 56, appium:takesScreenshot: true, appium:udid: 8HN7RSTGQ8LJNFGA, appium:viewportRect: {height: 1544, left: 0, top: 56, width: 720}, appium:warnings: {}, appium:webStorageEnabled: false, platformName: ANDROID}
Session ID: 08897da2-793e-4f1f-8bca-b38157ca7710
at org.openqa.selenium.support.ui.WebDriverWait.timeoutException(WebDriverWait.java:84)
at org.openqa.selenium.support.ui.FluentWait.until(FluentWait.java:230)
at utils.TestUtils.clickWhenClickable(TestUtils.java:41)
at page.common.LoginPage.selectEnglish(LoginPage.java:54)
at page.common.LoginPage.navigateToLoginScreen(LoginPage.java:146)
at page.common.LoginPage.loginAsUser(LoginPage.java:156)
at tests.user.SidebarMenu.UserMyAssetTest.loginAsUser(UserMyAssetTest.java:29)
at tests.user.SidebarMenu.UserMyAssetTest.testMyAssetsPageDisplayed(UserMyAssetTest.java:35)
at java.base/java.util.ArrayList.forEach(ArrayList.java:1596)
... Removed 25 stack frames]]>
    </failure>
  </testcase> <!-- testMyAssetsPageDisplayed -->
  <testcase classname="tests.user.SidebarMenu.UserMyAssetTest" name="testSearchMyAssetsIfThere" time="0.0">
    <skipped/>
  </testcase> <!-- testSearchMyAssetsIfThere -->
  <testcase classname="tests.user.SidebarMenu.UserHelpVideosTest" name="testHelpVideosPageDisplayed" time="41.85">
    <failure type="org.openqa.selenium.TimeoutException" message="Expected condition failed: waiting for element to be clickable: By.xpath: //android.widget.FrameLayout[@resource-id=&amp;apos;android:id/content&amp;apos;]/android.widget.FrameLayout/android.view.ViewGroup/android.view.ViewGroup/android.view.ViewGroup/android.view.ViewGroup/android.view.ViewGroup/android.view.ViewGroup/android.view.ViewGroup/android.view.ViewGroup/android.view.ViewGroup/android.view.ViewGroup/android.view.ViewGroup/android.view.ViewGroup/android.view.ViewGroup/android.view.ViewGroup/android.view.ViewGroup/android.view.ViewGroup/android.view.ViewGroup[1]/android.widget.ImageView (tried for 20 second(s) with 500 milliseconds interval)
Build info: version: &amp;apos;4.13.0&amp;apos;, revision: &amp;apos;ba948ece5b*&amp;apos;
System info: os.name: &amp;apos;Windows 10&amp;apos;, os.arch: &amp;apos;amd64&amp;apos;, os.version: &amp;apos;10.0&amp;apos;, java.version: &amp;apos;21.0.8&amp;apos;
Driver info: io.appium.java_client.android.AndroidDriver
Capabilities {appium:app: C:\Users\HP\eclipse-workspa..., appium:appActivity: com.pagarplus.app.MainActivity, appium:appPackage: com.pagarplus.app, appium:autoGrantPermissions: true, appium:automationName: UiAutomator2, appium:databaseEnabled: false, appium:desired: {app: C:\Users\HP\eclipse-workspa..., autoGrantPermissions: true, automationName: UiAutomator2, deviceName: Android Device, fullReset: false, ignoreHiddenApiPolicyError: true, newCommandTimeout: 300, noReset: true, platformName: ANDROID, udid: 8HN7RSTGQ8LJNFGA}, appium:deviceApiLevel: 28, appium:deviceManufacturer: OPPO, appium:deviceModel: CPH2015, appium:deviceName: 8HN7RSTGQ8LJNFGA, appium:deviceScreenDensity: 320, appium:deviceScreenSize: 720x1600, appium:deviceUDID: 8HN7RSTGQ8LJNFGA, appium:fullReset: false, appium:ignoreHiddenApiPolicyError: true, appium:javascriptEnabled: true, appium:locationContextEnabled: false, appium:networkConnectionEnabled: true, appium:newCommandTimeout: 300, appium:noReset: true, appium:pixelRatio: 2, appium:platformVersion: 9, appium:statBarHeight: 56, appium:takesScreenshot: true, appium:udid: 8HN7RSTGQ8LJNFGA, appium:viewportRect: {height: 1544, left: 0, top: 56, width: 720}, appium:warnings: {}, appium:webStorageEnabled: false, platformName: ANDROID}
Session ID: 77bc5839-ecfd-4b2f-a59c-5a7f09042267">
      <![CDATA[org.openqa.selenium.TimeoutException: Expected condition failed: waiting for element to be clickable: By.xpath: //android.widget.FrameLayout[@resource-id='android:id/content']/android.widget.FrameLayout/android.view.ViewGroup/android.view.ViewGroup/android.view.ViewGroup/android.view.ViewGroup/android.view.ViewGroup/android.view.ViewGroup/android.view.ViewGroup/android.view.ViewGroup/android.view.ViewGroup/android.view.ViewGroup/android.view.ViewGroup/android.view.ViewGroup/android.view.ViewGroup/android.view.ViewGroup/android.view.ViewGroup/android.view.ViewGroup/android.view.ViewGroup[1]/android.widget.ImageView (tried for 20 second(s) with 500 milliseconds interval)
Build info: version: '4.13.0', revision: 'ba948ece5b*'
System info: os.name: 'Windows 10', os.arch: 'amd64', os.version: '10.0', java.version: '21.0.8'
Driver info: io.appium.java_client.android.AndroidDriver
Capabilities {appium:app: C:\Users\HP\eclipse-workspa..., appium:appActivity: com.pagarplus.app.MainActivity, appium:appPackage: com.pagarplus.app, appium:autoGrantPermissions: true, appium:automationName: UiAutomator2, appium:databaseEnabled: false, appium:desired: {app: C:\Users\HP\eclipse-workspa..., autoGrantPermissions: true, automationName: UiAutomator2, deviceName: Android Device, fullReset: false, ignoreHiddenApiPolicyError: true, newCommandTimeout: 300, noReset: true, platformName: ANDROID, udid: 8HN7RSTGQ8LJNFGA}, appium:deviceApiLevel: 28, appium:deviceManufacturer: OPPO, appium:deviceModel: CPH2015, appium:deviceName: 8HN7RSTGQ8LJNFGA, appium:deviceScreenDensity: 320, appium:deviceScreenSize: 720x1600, appium:deviceUDID: 8HN7RSTGQ8LJNFGA, appium:fullReset: false, appium:ignoreHiddenApiPolicyError: true, appium:javascriptEnabled: true, appium:locationContextEnabled: false, appium:networkConnectionEnabled: true, appium:newCommandTimeout: 300, appium:noReset: true, appium:pixelRatio: 2, appium:platformVersion: 9, appium:statBarHeight: 56, appium:takesScreenshot: true, appium:udid: 8HN7RSTGQ8LJNFGA, appium:viewportRect: {height: 1544, left: 0, top: 56, width: 720}, appium:warnings: {}, appium:webStorageEnabled: false, platformName: ANDROID}
Session ID: 77bc5839-ecfd-4b2f-a59c-5a7f09042267
at org.openqa.selenium.support.ui.WebDriverWait.timeoutException(WebDriverWait.java:84)
at org.openqa.selenium.support.ui.FluentWait.until(FluentWait.java:230)
at utils.TestUtils.clickWhenClickable(TestUtils.java:41)
at page.common.LoginPage.selectEasyPagar(LoginPage.java:46)
at page.common.LoginPage.navigateToLoginScreen(LoginPage.java:145)
at page.common.LoginPage.loginAsUser(LoginPage.java:156)
at tests.user.SidebarMenu.UserHelpVideosTest.loginAsUser(UserHelpVideosTest.java:33)
at tests.user.SidebarMenu.UserHelpVideosTest.testHelpVideosPageDisplayed(UserHelpVideosTest.java:39)
at java.base/java.util.ArrayList.forEach(ArrayList.java:1596)
... Removed 25 stack frames]]>
    </failure>
  </testcase> <!-- testHelpVideosPageDisplayed -->
  <testcase classname="tests.user.SidebarMenu.UserHelpVideosTest" name="testAttendanceHelpVideos" time="0.0">
    <skipped/>
  </testcase> <!-- testAttendanceHelpVideos -->
  <testcase classname="tests.user.SidebarMenu.UserHelpVideosTest" name="testLeaveHelpVideos" time="0.001">
    <skipped/>
  </testcase> <!-- testLeaveHelpVideos -->
  <testcase classname="tests.user.SidebarMenu.UserHelpVideosTest" name="testLoanHelpVideos" time="0.0">
    <skipped/>
  </testcase> <!-- testLoanHelpVideos -->
  <testcase classname="tests.user.SidebarMenu.UserHelpVideosTest" name="testReportHelpVideos" time="0.001">
    <skipped/>
  </testcase> <!-- testReportHelpVideos -->
  <testcase classname="tests.user.SidebarMenu.UserHelpVideosTest" name="testExpenseHelpVideos" time="0.0">
    <skipped/>
  </testcase> <!-- testExpenseHelpVideos -->
  <testcase classname="tests.user.SidebarMenu.UserHelpVideosTest" name="testMessageHelpVideos" time="0.0">
    <skipped/>
  </testcase> <!-- testMessageHelpVideos -->
  <testcase classname="tests.user.SidebarMenu.UserHelpVideosTest" name="testLogoutAfterHelpVideos" time="0.0">
    <skipped/>
  </testcase> <!-- testLogoutAfterHelpVideos -->
  <testcase classname="tests.user.SidebarMenu.UserEditProfileTest" name="testUpdateGuardianName" time="42.587">
    <failure type="org.openqa.selenium.TimeoutException" message="Expected condition failed: waiting for element to be clickable: By.xpath: //android.widget.FrameLayout[@resource-id=&amp;apos;android:id/content&amp;apos;]/android.widget.FrameLayout/android.view.ViewGroup/android.view.ViewGroup/android.view.ViewGroup/android.view.ViewGroup/android.view.ViewGroup/android.view.ViewGroup/android.view.ViewGroup/android.view.ViewGroup/android.view.ViewGroup/android.view.ViewGroup/android.view.ViewGroup/android.view.ViewGroup/android.view.ViewGroup/android.view.ViewGroup/android.view.ViewGroup/android.view.ViewGroup/android.view.ViewGroup[1]/android.widget.ImageView (tried for 20 second(s) with 500 milliseconds interval)
Build info: version: &amp;apos;4.13.0&amp;apos;, revision: &amp;apos;ba948ece5b*&amp;apos;
System info: os.name: &amp;apos;Windows 10&amp;apos;, os.arch: &amp;apos;amd64&amp;apos;, os.version: &amp;apos;10.0&amp;apos;, java.version: &amp;apos;21.0.8&amp;apos;
Driver info: io.appium.java_client.android.AndroidDriver
Capabilities {appium:app: C:\Users\HP\eclipse-workspa..., appium:appActivity: com.pagarplus.app.MainActivity, appium:appPackage: com.pagarplus.app, appium:autoGrantPermissions: true, appium:automationName: UiAutomator2, appium:databaseEnabled: false, appium:desired: {app: C:\Users\HP\eclipse-workspa..., autoGrantPermissions: true, automationName: UiAutomator2, deviceName: Android Device, fullReset: false, ignoreHiddenApiPolicyError: true, newCommandTimeout: 300, noReset: true, platformName: ANDROID, udid: 8HN7RSTGQ8LJNFGA}, appium:deviceApiLevel: 28, appium:deviceManufacturer: OPPO, appium:deviceModel: CPH2015, appium:deviceName: 8HN7RSTGQ8LJNFGA, appium:deviceScreenDensity: 320, appium:deviceScreenSize: 720x1600, appium:deviceUDID: 8HN7RSTGQ8LJNFGA, appium:fullReset: false, appium:ignoreHiddenApiPolicyError: true, appium:javascriptEnabled: true, appium:locationContextEnabled: false, appium:networkConnectionEnabled: true, appium:newCommandTimeout: 300, appium:noReset: true, appium:pixelRatio: 2, appium:platformVersion: 9, appium:statBarHeight: 56, appium:takesScreenshot: true, appium:udid: 8HN7RSTGQ8LJNFGA, appium:viewportRect: {height: 1544, left: 0, top: 56, width: 720}, appium:warnings: {}, appium:webStorageEnabled: false, platformName: ANDROID}
Session ID: bc4f6da8-1e96-4854-baf7-b8cc25003e1f">
      <![CDATA[org.openqa.selenium.TimeoutException: Expected condition failed: waiting for element to be clickable: By.xpath: //android.widget.FrameLayout[@resource-id='android:id/content']/android.widget.FrameLayout/android.view.ViewGroup/android.view.ViewGroup/android.view.ViewGroup/android.view.ViewGroup/android.view.ViewGroup/android.view.ViewGroup/android.view.ViewGroup/android.view.ViewGroup/android.view.ViewGroup/android.view.ViewGroup/android.view.ViewGroup/android.view.ViewGroup/android.view.ViewGroup/android.view.ViewGroup/android.view.ViewGroup/android.view.ViewGroup/android.view.ViewGroup[1]/android.widget.ImageView (tried for 20 second(s) with 500 milliseconds interval)
Build info: version: '4.13.0', revision: 'ba948ece5b*'
System info: os.name: 'Windows 10', os.arch: 'amd64', os.version: '10.0', java.version: '21.0.8'
Driver info: io.appium.java_client.android.AndroidDriver
Capabilities {appium:app: C:\Users\HP\eclipse-workspa..., appium:appActivity: com.pagarplus.app.MainActivity, appium:appPackage: com.pagarplus.app, appium:autoGrantPermissions: true, appium:automationName: UiAutomator2, appium:databaseEnabled: false, appium:desired: {app: C:\Users\HP\eclipse-workspa..., autoGrantPermissions: true, automationName: UiAutomator2, deviceName: Android Device, fullReset: false, ignoreHiddenApiPolicyError: true, newCommandTimeout: 300, noReset: true, platformName: ANDROID, udid: 8HN7RSTGQ8LJNFGA}, appium:deviceApiLevel: 28, appium:deviceManufacturer: OPPO, appium:deviceModel: CPH2015, appium:deviceName: 8HN7RSTGQ8LJNFGA, appium:deviceScreenDensity: 320, appium:deviceScreenSize: 720x1600, appium:deviceUDID: 8HN7RSTGQ8LJNFGA, appium:fullReset: false, appium:ignoreHiddenApiPolicyError: true, appium:javascriptEnabled: true, appium:locationContextEnabled: false, appium:networkConnectionEnabled: true, appium:newCommandTimeout: 300, appium:noReset: true, appium:pixelRatio: 2, appium:platformVersion: 9, appium:statBarHeight: 56, appium:takesScreenshot: true, appium:udid: 8HN7RSTGQ8LJNFGA, appium:viewportRect: {height: 1544, left: 0, top: 56, width: 720}, appium:warnings: {}, appium:webStorageEnabled: false, platformName: ANDROID}
Session ID: bc4f6da8-1e96-4854-baf7-b8cc25003e1f
at org.openqa.selenium.support.ui.WebDriverWait.timeoutException(WebDriverWait.java:84)
at org.openqa.selenium.support.ui.FluentWait.until(FluentWait.java:230)
at utils.TestUtils.clickWhenClickable(TestUtils.java:41)
at page.common.LoginPage.selectEasyPagar(LoginPage.java:46)
at page.common.LoginPage.navigateToLoginScreen(LoginPage.java:145)
at page.common.LoginPage.loginAsUser(LoginPage.java:156)
at tests.user.SidebarMenu.UserEditProfileTest.loginAssUser(UserEditProfileTest.java:31)
at tests.user.SidebarMenu.UserEditProfileTest.testUpdateGuardianName(UserEditProfileTest.java:37)
at java.base/java.util.ArrayList.forEach(ArrayList.java:1596)
... Removed 25 stack frames]]>
    </failure>
  </testcase> <!-- testUpdateGuardianName -->
  <testcase classname="tests.user.SidebarMenu.UserTraineeTest" name="testTraineePageDisplayed" time="35.592"/>
  <testcase classname="tests.user.SidebarMenu.UserTraineeTest" name="testSearchTrainingsIfThere" time="7.835"/>
</testsuite> <!-- Test -->
