<?xml version="1.0" encoding="UTF-8"?>
<testng-results ignored="0" total="2" passed="2" failed="0" skipped="0">
  <reporter-output>
  </reporter-output>
  <suite started-at="2026-03-18T15:47:45 IST" name="Default suite" finished-at="2026-03-18T15:49:12 IST" duration-ms="87523">
    <groups>
    </groups>
    <test started-at="2026-03-18T15:47:45 IST" name="Default test" finished-at="2026-03-18T15:49:12 IST" duration-ms="87523">
      <class name="tests.common.AdminLoginLogoutTest">
        <test-method is-config="true" signature="setup()[pri:0, instance:tests.common.AdminLoginLogoutTest@610f7aa]" started-at="2026-03-18T15:47:45 IST" name="setup" finished-at="2026-03-18T15:47:53 IST" duration-ms="7549" status="PASS">
          <reporter-output>
          </reporter-output>
        </test-method> <!-- setup -->
        <test-method is-config="true" signature="setUpPages()[pri:0, instance:tests.common.AdminLoginLogoutTest@610f7aa]" started-at="2026-03-18T15:47:53 IST" name="setUpPages" finished-at="2026-03-18T15:47:53 IST" duration-ms="26" status="PASS">
          <reporter-output>
          </reporter-output>
        </test-method> <!-- setUpPages -->
        <test-method signature="testSuccessfulAdminLoginLogout()[pri:1, instance:tests.common.AdminLoginLogoutTest@610f7aa]" started-at="2026-03-18T15:47:53 IST" name="testSuccessfulAdminLoginLogout" description="Test successful admin login and logout flow" finished-at="2026-03-18T15:48:59 IST" duration-ms="65693" status="PASS">
          <reporter-output>
          </reporter-output>
        </test-method> <!-- testSuccessfulAdminLoginLogout -->
        <test-method is-config="true" signature="setUpPages()[pri:0, instance:tests.common.AdminLoginLogoutTest@610f7aa]" started-at="2026-03-18T15:48:59 IST" name="setUpPages" finished-at="2026-03-18T15:48:59 IST" duration-ms="0" status="PASS">
          <reporter-output>
          </reporter-output>
        </test-method> <!-- setUpPages -->
        <test-method signature="testInvalidLogin()[pri:2, instance:tests.common.AdminLoginLogoutTest@610f7aa]" started-at="2026-03-18T15:48:59 IST" name="testInvalidLogin" description="Test invalid login credentials" finished-at="2026-03-18T15:49:12 IST" duration-ms="13052" status="PASS">
          <reporter-output>
          </reporter-output>
        </test-method> <!-- testInvalidLogin -->
        <test-method is-config="true" signature="tearDown()[pri:0, instance:tests.common.AdminLoginLogoutTest@610f7aa]" started-at="2026-03-18T15:49:12 IST" name="tearDown" finished-at="2026-03-18T15:49:12 IST" duration-ms="803" status="PASS">
          <reporter-output>
          </reporter-output>
        </test-method> <!-- tearDown -->
      </class> <!-- tests.common.AdminLoginLogoutTest -->
    </test> <!-- Default test -->
  </suite> <!-- Default suite -->
</testng-results>
