<?xml version="1.0" encoding="UTF-8"?>
<!-- Generated by org.testng.reporters.JUnitReportReporter -->
<testsuite hostname="DESKTOP-VSH99KT" failures="0" tests="6" name="tests.user.dashboard.UserApplyLoanAdvanceTest" time="1.913" errors="1" timestamp="2026-03-18T15:23:39 IST" skipped="5">
  <testcase classname="tests.user.dashboard.UserApplyLoanAdvanceTest" name="setup" time="1.912">
    <error message="Could not start a new session. Response code 500. Message: The application at &#039;C:\Users\HP\eclipse-workspace\EPapp\src\test\resources\apps\EasyPagar(17-03-25).apk&#039; does not exist or is not accessible 
Host info: host: &#039;DESKTOP-VSH99KT&#039;, ip: &#039;192.168.43.69&#039;
Build info: version: &#039;4.13.0&#039;, revision: &#039;ba948ece5b*&#039;
System info: os.name: &#039;Windows 11&#039;, os.arch: &#039;amd64&#039;, os.version: &#039;10.0&#039;, java.version: &#039;21.0.8&#039;
Driver info: io.appium.java_client.android.AndroidDriver
Command: [null, newSession {capabilities=[{appium:newCommandTimeout=300, appium:allowTestPackages=true, appium:automationName=UiAutomator2, appium:fullReset=false, appium:skipDeviceInitialization=true, appium:noReset=true, appium:udid=HQGYQ8SK8HAEUSH6, appium:uiautomator2ServerLaunchTimeout=60000, appium:autoGrantPermissions=true, appium:adbExecTimeout=60000, appium:ignoreHiddenApiPolicyError=true, appium:deviceName=Android Device, platformName=ANDROID, appium:app=C:\Users\HP\eclipse-workspace\EPapp\src\test\resources\apps\EasyPagar(17-03-25).apk, appium:uiautomator2ServerInstallTimeout=60000}], desiredCapabilities=Capabilities {appium:adbExecTimeout: 60000, appium:allowTestPackages: true, appium:app: C:\Users\HP\eclipse-workspa..., appium:autoGrantPermissions: true, appium:automationName: UiAutomator2, appium:deviceName: Android Device, appium:fullReset: false, appium:ignoreHiddenApiPolicyError: true, appium:newCommandTimeout: 300, appium:noReset: true, appium:skipDeviceInitialization: true, appium:udid: HQGYQ8SK8HAEUSH6, appium:uiautomator2ServerInstallTimeout: 60000, appium:uiautomator2ServerLaunchTimeout: 60000, platformName: ANDROID}}]
Capabilities {appium:adbExecTimeout: 60000, appium:allowTestPackages: true, appium:app: C:\Users\HP\eclipse-workspa..., appium:autoGrantPermissions: true, appium:automationName: UiAutomator2, appium:deviceName: Android Device, appium:fullReset: false, appium:ignoreHiddenApiPolicyError: true, appium:newCommandTimeout: 300, appium:noReset: true, appium:skipDeviceInitialization: true, appium:udid: HQGYQ8SK8HAEUSH6, appium:uiautomator2ServerInstallTimeout: 60000, appium:uiautomator2ServerLaunchTimeout: 60000, platformName: ANDROID}" type="org.openqa.selenium.SessionNotCreatedException">
      <![CDATA[org.openqa.selenium.SessionNotCreatedException: Could not start a new session. Response code 500. Message: The application at 'C:\Users\HP\eclipse-workspace\EPapp\src\test\resources\apps\EasyPagar(17-03-25).apk' does not exist or is not accessible 
Host info: host: 'DESKTOP-VSH99KT', ip: '192.168.43.69'
Build info: version: '4.13.0', revision: 'ba948ece5b*'
System info: os.name: 'Windows 11', os.arch: 'amd64', os.version: '10.0', java.version: '21.0.8'
Driver info: io.appium.java_client.android.AndroidDriver
Command: [null, newSession {capabilities=[{appium:newCommandTimeout=300, appium:allowTestPackages=true, appium:automationName=UiAutomator2, appium:fullReset=false, appium:skipDeviceInitialization=true, appium:noReset=true, appium:udid=HQGYQ8SK8HAEUSH6, appium:uiautomator2ServerLaunchTimeout=60000, appium:autoGrantPermissions=true, appium:adbExecTimeout=60000, appium:ignoreHiddenApiPolicyError=true, appium:deviceName=Android Device, platformName=ANDROID, appium:app=C:\Users\HP\eclipse-workspace\EPapp\src\test\resources\apps\EasyPagar(17-03-25).apk, appium:uiautomator2ServerInstallTimeout=60000}], desiredCapabilities=Capabilities {appium:adbExecTimeout: 60000, appium:allowTestPackages: true, appium:app: C:\Users\HP\eclipse-workspa..., appium:autoGrantPermissions: true, appium:automationName: UiAutomator2, appium:deviceName: Android Device, appium:fullReset: false, appium:ignoreHiddenApiPolicyError: true, appium:newCommandTimeout: 300, appium:noReset: true, appium:skipDeviceInitialization: true, appium:udid: HQGYQ8SK8HAEUSH6, appium:uiautomator2ServerInstallTimeout: 60000, appium:uiautomator2ServerLaunchTimeout: 60000, platformName: ANDROID}}]
Capabilities {appium:adbExecTimeout: 60000, appium:allowTestPackages: true, appium:app: C:\Users\HP\eclipse-workspa..., appium:autoGrantPermissions: true, appium:automationName: UiAutomator2, appium:deviceName: Android Device, appium:fullReset: false, appium:ignoreHiddenApiPolicyError: true, appium:newCommandTimeout: 300, appium:noReset: true, appium:skipDeviceInitialization: true, appium:udid: HQGYQ8SK8HAEUSH6, appium:uiautomator2ServerInstallTimeout: 60000, appium:uiautomator2ServerLaunchTimeout: 60000, platformName: ANDROID}
at org.openqa.selenium.remote.ProtocolHandshake.createSession(ProtocolHandshake.java:140)
at java.base/jdk.internal.reflect.DirectMethodHandleAccessor.invoke(DirectMethodHandleAccessor.java:103)
at java.base/java.lang.reflect.Method.invoke(Method.java:580)
at io.appium.java_client.remote.AppiumProtocolHandshake.createSession(AppiumProtocolHandshake.java:133)
at io.appium.java_client.remote.AppiumProtocolHandshake.createSession(AppiumProtocolHandshake.java:102)
at io.appium.java_client.remote.AppiumCommandExecutor.createSession(AppiumCommandExecutor.java:194)
at io.appium.java_client.remote.AppiumCommandExecutor.execute(AppiumCommandExecutor.java:262)
at org.openqa.selenium.remote.RemoteWebDriver.execute(RemoteWebDriver.java:602)
at io.appium.java_client.AppiumDriver.startSession(AppiumDriver.java:229)
at org.openqa.selenium.remote.RemoteWebDriver.<init>(RemoteWebDriver.java:163)
at io.appium.java_client.AppiumDriver.<init>(AppiumDriver.java:80)
at io.appium.java_client.AppiumDriver.<init>(AppiumDriver.java:92)
at io.appium.java_client.android.AndroidDriver.<init>(AndroidDriver.java:117)
at base.BaseTest.setup(BaseTest.java:57)
at java.base/jdk.internal.reflect.DirectMethodHandleAccessor.invoke(DirectMethodHandleAccessor.java:103)
at java.base/java.lang.reflect.Method.invoke(Method.java:580)
at org.testng.internal.invokers.MethodInvocationHelper.invokeMethod(MethodInvocationHelper.java:141)
at org.testng.internal.invokers.MethodInvocationHelper.invokeMethodConsideringTimeout(MethodInvocationHelper.java:71)
at org.testng.internal.invokers.ConfigInvoker.invokeConfigurationMethod(ConfigInvoker.java:400)
at org.testng.internal.invokers.ConfigInvoker.invokeConfigurations(ConfigInvoker.java:333)
at org.testng.internal.invokers.TestMethodWorker.invokeBeforeClassMethods(TestMethodWorker.java:188)
at org.testng.internal.invokers.TestMethodWorker.run(TestMethodWorker.java:128)
at java.base/java.util.ArrayList.forEach(ArrayList.java:1596)
at org.testng.TestRunner.privateRun(TestRunner.java:741)
at org.testng.TestRunner.run(TestRunner.java:616)
at org.testng.SuiteRunner.runTest(SuiteRunner.java:421)
at org.testng.SuiteRunner.runSequentially(SuiteRunner.java:413)
at org.testng.SuiteRunner.privateRun(SuiteRunner.java:373)
at org.testng.SuiteRunner.run(SuiteRunner.java:312)
at org.testng.SuiteRunnerWorker.runSuite(SuiteRunnerWorker.java:52)
at org.testng.SuiteRunnerWorker.run(SuiteRunnerWorker.java:95)
at org.testng.TestNG.runSuitesSequentially(TestNG.java:1274)
at org.testng.TestNG.runSuitesLocally(TestNG.java:1208)
at org.testng.TestNG.runSuites(TestNG.java:1112)
at org.testng.TestNG.run(TestNG.java:1079)
at org.testng.remote.AbstractRemoteTestNG.run(AbstractRemoteTestNG.java:115)
at org.testng.remote.RemoteTestNG.initAndRun(RemoteTestNG.java:293)
at org.testng.remote.RemoteTestNG.main(RemoteTestNG.java:91)
]]>
    </error>
  </testcase> <!-- setup -->
  <testcase classname="tests.user.dashboard.UserApplyLoanAdvanceTest" name="testUserLogin" time="0.000">
    <skipped/>
  </testcase> <!-- testUserLogin -->
  <testcase classname="tests.user.dashboard.UserApplyLoanAdvanceTest" name="testOpenApplyLoanSection" time="0.000">
    <skipped/>
  </testcase> <!-- testOpenApplyLoanSection -->
  <testcase classname="tests.user.dashboard.UserApplyLoanAdvanceTest" name="testApplyPersonalLoan" time="0.000">
    <skipped/>
  </testcase> <!-- testApplyPersonalLoan -->
  <testcase classname="tests.user.dashboard.UserApplyLoanAdvanceTest" name="testApplyForAdvance" time="0.000">
    <skipped/>
  </testcase> <!-- testApplyForAdvance -->
  <testcase classname="tests.user.dashboard.UserApplyLoanAdvanceTest" name="logOutAterApplyLoanAdvance" time="0.001">
    <skipped/>
  </testcase> <!-- logOutAterApplyLoanAdvance -->
</testsuite> <!-- tests.user.dashboard.UserApplyLoanAdvanceTest -->
