<?xml version="1.0" encoding="UTF-8"?>
<!-- Generated by org.testng.reporters.JUnitReportReporter -->
<testsuite hostname="DESKTOP-VSH99KT" failures="0" tests="5" name="tests.user.dashboard.UserMessagesTest" time="75.141" errors="1" timestamp="2026-01-14T18:36:09 IST" skipped="0">
  <testcase classname="tests.user.dashboard.UserMessagesTest" name="userLoginTest" time="30.638"/>
  <testcase classname="tests.user.dashboard.UserMessagesTest" name="openMessageSection" time="3.967"/>
  <testcase classname="tests.user.dashboard.UserMessagesTest" name="testSendReplayMessageToAdmin" time="28.057"/>
  <testcase classname="tests.user.dashboard.UserMessagesTest" name="backToDashBoard" time="2.018"/>
  <testcase classname="tests.user.dashboard.UserMessagesTest" name="logOutAterRepliedToMessage" time="10.461">
    <error message="Expected condition failed: waiting for element to be clickable: By.xpath: //android.widget.Button/android.widget.ImageView (tried for 10 second(s) with 500 milliseconds interval)
Build info: version: &#039;4.13.0&#039;, revision: &#039;ba948ece5b*&#039;
System info: os.name: &#039;Windows 10&#039;, os.arch: &#039;amd64&#039;, os.version: &#039;10.0&#039;, java.version: &#039;21.0.8&#039;
Driver info: io.appium.java_client.android.AndroidDriver
Capabilities {appium:adbExecTimeout: 60000, appium:allowTestPackages: true, appium:app: C:\Users\HP\eclipse-workspa..., appium:appActivity: com.pagarplus.app.MainActivity, appium:appPackage: com.pagarplus.app, appium:autoGrantPermissions: true, appium:automationName: UiAutomator2, appium:databaseEnabled: false, appium:desired: {adbExecTimeout: 60000, allowTestPackages: true, app: C:\Users\HP\eclipse-workspa..., autoGrantPermissions: true, automationName: UiAutomator2, deviceName: Android Device, fullReset: false, ignoreHiddenApiPolicyError: true, newCommandTimeout: 300, noReset: true, platformName: ANDROID, skipDeviceInitialization: true, udid: HQGYQ8SK8HAEUSH6, uiautomator2ServerInstallTimeout: 60000, uiautomator2ServerLaunchTimeout: 60000}, appium:deviceApiLevel: 33, appium:deviceManufacturer: Xiaomi, appium:deviceModel: 23028RN4DI, appium:deviceName: HQGYQ8SK8HAEUSH6, appium:deviceScreenDensity: 320, appium:deviceScreenSize: 720x1600, appium:deviceUDID: HQGYQ8SK8HAEUSH6, appium:fullReset: false, appium:ignoreHiddenApiPolicyError: true, appium:javascriptEnabled: true, appium:locationContextEnabled: false, appium:networkConnectionEnabled: true, appium:newCommandTimeout: 300, appium:noReset: true, appium:pixelRatio: 2, appium:platformVersion: 13, appium:skipDeviceInitialization: true, appium:statBarHeight: 50, appium:takesScreenshot: true, appium:udid: HQGYQ8SK8HAEUSH6, appium:uiautomator2ServerInstallTimeout: 60000, appium:uiautomator2ServerLaunchTimeout: 60000, appium:viewportRect: {height: 1550, left: 0, top: 50, width: 720}, appium:warnings: {}, appium:webStorageEnabled: false, platformName: ANDROID}
Session ID: 7259b14d-5968-4f88-81e5-05db79870432" type="org.openqa.selenium.TimeoutException">
      <![CDATA[org.openqa.selenium.TimeoutException: Expected condition failed: waiting for element to be clickable: By.xpath: //android.widget.Button/android.widget.ImageView (tried for 10 second(s) with 500 milliseconds interval)
Build info: version: '4.13.0', revision: 'ba948ece5b*'
System info: os.name: 'Windows 10', os.arch: 'amd64', os.version: '10.0', java.version: '21.0.8'
Driver info: io.appium.java_client.android.AndroidDriver
Capabilities {appium:adbExecTimeout: 60000, appium:allowTestPackages: true, appium:app: C:\Users\HP\eclipse-workspa..., appium:appActivity: com.pagarplus.app.MainActivity, appium:appPackage: com.pagarplus.app, appium:autoGrantPermissions: true, appium:automationName: UiAutomator2, appium:databaseEnabled: false, appium:desired: {adbExecTimeout: 60000, allowTestPackages: true, app: C:\Users\HP\eclipse-workspa..., autoGrantPermissions: true, automationName: UiAutomator2, deviceName: Android Device, fullReset: false, ignoreHiddenApiPolicyError: true, newCommandTimeout: 300, noReset: true, platformName: ANDROID, skipDeviceInitialization: true, udid: HQGYQ8SK8HAEUSH6, uiautomator2ServerInstallTimeout: 60000, uiautomator2ServerLaunchTimeout: 60000}, appium:deviceApiLevel: 33, appium:deviceManufacturer: Xiaomi, appium:deviceModel: 23028RN4DI, appium:deviceName: HQGYQ8SK8HAEUSH6, appium:deviceScreenDensity: 320, appium:deviceScreenSize: 720x1600, appium:deviceUDID: HQGYQ8SK8HAEUSH6, appium:fullReset: false, appium:ignoreHiddenApiPolicyError: true, appium:javascriptEnabled: true, appium:locationContextEnabled: false, appium:networkConnectionEnabled: true, appium:newCommandTimeout: 300, appium:noReset: true, appium:pixelRatio: 2, appium:platformVersion: 13, appium:skipDeviceInitialization: true, appium:statBarHeight: 50, appium:takesScreenshot: true, appium:udid: HQGYQ8SK8HAEUSH6, appium:uiautomator2ServerInstallTimeout: 60000, appium:uiautomator2ServerLaunchTimeout: 60000, appium:viewportRect: {height: 1550, left: 0, top: 50, width: 720}, appium:warnings: {}, appium:webStorageEnabled: false, platformName: ANDROID}
Session ID: 7259b14d-5968-4f88-81e5-05db79870432
at org.openqa.selenium.support.ui.WebDriverWait.timeoutException(WebDriverWait.java:84)
at org.openqa.selenium.support.ui.FluentWait.until(FluentWait.java:230)
at utils.TestUtils.clickWhenClickable(TestUtils.java:41)
at page.user.sidebarMenu.UserSidebarMenuPage.openSidebarMenu(UserSidebarMenuPage.java:36)
at tests.user.dashboard.UserMessagesTest.logOutAterRepliedToMessage(UserMessagesTest.java:80)
at java.base/jdk.internal.reflect.DirectMethodHandleAccessor.invoke(DirectMethodHandleAccessor.java:103)
at java.base/java.lang.reflect.Method.invoke(Method.java:580)
at org.testng.internal.invokers.MethodInvocationHelper.invokeMethod(MethodInvocationHelper.java:141)
at org.testng.internal.invokers.TestInvoker.invokeMethod(TestInvoker.java:687)
at org.testng.internal.invokers.TestInvoker.invokeTestMethod(TestInvoker.java:230)
at org.testng.internal.invokers.MethodRunner.runInSequence(MethodRunner.java:63)
at org.testng.internal.invokers.TestInvoker$MethodInvocationAgent.invoke(TestInvoker.java:995)
at org.testng.internal.invokers.TestInvoker.invokeTestMethods(TestInvoker.java:203)
at org.testng.internal.invokers.TestMethodWorker.invokeTestMethods(TestMethodWorker.java:154)
at org.testng.internal.invokers.TestMethodWorker.run(TestMethodWorker.java:134)
at java.base/java.util.ArrayList.forEach(ArrayList.java:1596)
at org.testng.TestRunner.privateRun(TestRunner.java:741)
at org.testng.TestRunner.run(TestRunner.java:616)
at org.testng.SuiteRunner.runTest(SuiteRunner.java:421)
at org.testng.SuiteRunner.runSequentially(SuiteRunner.java:413)
at org.testng.SuiteRunner.privateRun(SuiteRunner.java:373)
at org.testng.SuiteRunner.run(SuiteRunner.java:312)
at org.testng.SuiteRunnerWorker.runSuite(SuiteRunnerWorker.java:52)
at org.testng.SuiteRunnerWorker.run(SuiteRunnerWorker.java:95)
at org.testng.TestNG.runSuitesSequentially(TestNG.java:1274)
at org.testng.TestNG.runSuitesLocally(TestNG.java:1208)
at org.testng.TestNG.runSuites(TestNG.java:1112)
at org.testng.TestNG.run(TestNG.java:1079)
at org.testng.remote.AbstractRemoteTestNG.run(AbstractRemoteTestNG.java:115)
at org.testng.remote.RemoteTestNG.initAndRun(RemoteTestNG.java:293)
at org.testng.remote.RemoteTestNG.main(RemoteTestNG.java:91)
]]>
    </error>
  </testcase> <!-- logOutAterRepliedToMessage -->
</testsuite> <!-- tests.user.dashboard.UserMessagesTest -->
