<?xml version="1.0" encoding="UTF-8"?>
<!-- Generated by org.testng.reporters.JUnitReportReporter -->
<testsuite hostname="DESKTOP-VSH99KT" failures="0" tests="3" name="tests.admin.dashboard.AdminBannerTest" time="66.478" errors="0" timestamp="2026-03-18T15:36:15 IST" skipped="0">
  <testcase classname="tests.admin.dashboard.AdminBannerTest" name="adminLoginTest" time="41.265"/>
  <testcase classname="tests.admin.dashboard.AdminBannerTest" name="openBannersSection" time="3.215"/>
  <testcase classname="tests.admin.dashboard.AdminBannerTest" name="postNewBannerFromCamera" time="21.998"/>
</testsuite> <!-- tests.admin.dashboard.AdminBannerTest -->
