<?xml version="1.0" encoding="UTF-8"?>
<!-- Generated by org.testng.reporters.JUnitReportReporter -->
<testsuite hostname="DESKTOP-VSH99KT" failures="0" tests="2" name="tests.user.SidebarMenu.UserMyAssetTest" time="42.230" errors="1" timestamp="2025-12-11T10:30:17 IST" skipped="1">
  <testcase classname="tests.user.SidebarMenu.UserMyAssetTest" name="testMyAssetsPageDisplayed" time="42.230">
    <error message="Expected condition failed: waiting for element to be clickable: By.xpath: //android.view.ViewGroup[@content-desc=&#039;English&#039;]/android.widget.ImageView (tried for 20 second(s) with 500 milliseconds interval)
Build info: version: &#039;4.13.0&#039;, revision: &#039;ba948ece5b*&#039;
System info: os.name: &#039;Windows 10&#039;, os.arch: &#039;amd64&#039;, os.version: &#039;10.0&#039;, java.version: &#039;21.0.8&#039;
Driver info: io.appium.java_client.android.AndroidDriver
Capabilities {appium:app: C:\Users\HP\eclipse-workspa..., appium:appActivity: com.pagarplus.app.MainActivity, appium:appPackage: com.pagarplus.app, appium:autoGrantPermissions: true, appium:automationName: UiAutomator2, appium:databaseEnabled: false, appium:desired: {app: C:\Users\HP\eclipse-workspa..., autoGrantPermissions: true, automationName: UiAutomator2, deviceName: Android Device, fullReset: false, ignoreHiddenApiPolicyError: true, newCommandTimeout: 300, noReset: true, platformName: ANDROID, udid: 8HN7RSTGQ8LJNFGA}, appium:deviceApiLevel: 28, appium:deviceManufacturer: OPPO, appium:deviceModel: CPH2015, appium:deviceName: 8HN7RSTGQ8LJNFGA, appium:deviceScreenDensity: 320, appium:deviceScreenSize: 720x1600, appium:deviceUDID: 8HN7RSTGQ8LJNFGA, appium:fullReset: false, appium:ignoreHiddenApiPolicyError: true, appium:javascriptEnabled: true, appium:locationContextEnabled: false, appium:networkConnectionEnabled: true, appium:newCommandTimeout: 300, appium:noReset: true, appium:pixelRatio: 2, appium:platformVersion: 9, appium:statBarHeight: 56, appium:takesScreenshot: true, appium:udid: 8HN7RSTGQ8LJNFGA, appium:viewportRect: {height: 1544, left: 0, top: 56, width: 720}, appium:warnings: {}, appium:webStorageEnabled: false, platformName: ANDROID}
Session ID: 08897da2-793e-4f1f-8bca-b38157ca7710" type="org.openqa.selenium.TimeoutException">
      <![CDATA[org.openqa.selenium.TimeoutException: Expected condition failed: waiting for element to be clickable: By.xpath: //android.view.ViewGroup[@content-desc='English']/android.widget.ImageView (tried for 20 second(s) with 500 milliseconds interval)
Build info: version: '4.13.0', revision: 'ba948ece5b*'
System info: os.name: 'Windows 10', os.arch: 'amd64', os.version: '10.0', java.version: '21.0.8'
Driver info: io.appium.java_client.android.AndroidDriver
Capabilities {appium:app: C:\Users\HP\eclipse-workspa..., appium:appActivity: com.pagarplus.app.MainActivity, appium:appPackage: com.pagarplus.app, appium:autoGrantPermissions: true, appium:automationName: UiAutomator2, appium:databaseEnabled: false, appium:desired: {app: C:\Users\HP\eclipse-workspa..., autoGrantPermissions: true, automationName: UiAutomator2, deviceName: Android Device, fullReset: false, ignoreHiddenApiPolicyError: true, newCommandTimeout: 300, noReset: true, platformName: ANDROID, udid: 8HN7RSTGQ8LJNFGA}, appium:deviceApiLevel: 28, appium:deviceManufacturer: OPPO, appium:deviceModel: CPH2015, appium:deviceName: 8HN7RSTGQ8LJNFGA, appium:deviceScreenDensity: 320, appium:deviceScreenSize: 720x1600, appium:deviceUDID: 8HN7RSTGQ8LJNFGA, appium:fullReset: false, appium:ignoreHiddenApiPolicyError: true, appium:javascriptEnabled: true, appium:locationContextEnabled: false, appium:networkConnectionEnabled: true, appium:newCommandTimeout: 300, appium:noReset: true, appium:pixelRatio: 2, appium:platformVersion: 9, appium:statBarHeight: 56, appium:takesScreenshot: true, appium:udid: 8HN7RSTGQ8LJNFGA, appium:viewportRect: {height: 1544, left: 0, top: 56, width: 720}, appium:warnings: {}, appium:webStorageEnabled: false, platformName: ANDROID}
Session ID: 08897da2-793e-4f1f-8bca-b38157ca7710
at org.openqa.selenium.support.ui.WebDriverWait.timeoutException(WebDriverWait.java:84)
at org.openqa.selenium.support.ui.FluentWait.until(FluentWait.java:230)
at utils.TestUtils.clickWhenClickable(TestUtils.java:41)
at page.common.LoginPage.selectEnglish(LoginPage.java:54)
at page.common.LoginPage.navigateToLoginScreen(LoginPage.java:146)
at page.common.LoginPage.loginAsUser(LoginPage.java:156)
at tests.user.SidebarMenu.UserMyAssetTest.loginAsUser(UserMyAssetTest.java:29)
at tests.user.SidebarMenu.UserMyAssetTest.testMyAssetsPageDisplayed(UserMyAssetTest.java:35)
at java.base/jdk.internal.reflect.DirectMethodHandleAccessor.invoke(DirectMethodHandleAccessor.java:103)
at java.base/java.lang.reflect.Method.invoke(Method.java:580)
at org.testng.internal.invokers.MethodInvocationHelper.invokeMethod(MethodInvocationHelper.java:141)
at org.testng.internal.invokers.TestInvoker.invokeMethod(TestInvoker.java:687)
at org.testng.internal.invokers.TestInvoker.invokeTestMethod(TestInvoker.java:230)
at org.testng.internal.invokers.MethodRunner.runInSequence(MethodRunner.java:63)
at org.testng.internal.invokers.TestInvoker$MethodInvocationAgent.invoke(TestInvoker.java:995)
at org.testng.internal.invokers.TestInvoker.invokeTestMethods(TestInvoker.java:203)
at org.testng.internal.invokers.TestMethodWorker.invokeTestMethods(TestMethodWorker.java:154)
at org.testng.internal.invokers.TestMethodWorker.run(TestMethodWorker.java:134)
at java.base/java.util.ArrayList.forEach(ArrayList.java:1596)
at org.testng.TestRunner.privateRun(TestRunner.java:741)
at org.testng.TestRunner.run(TestRunner.java:616)
at org.testng.SuiteRunner.runTest(SuiteRunner.java:421)
at org.testng.SuiteRunner.runSequentially(SuiteRunner.java:413)
at org.testng.SuiteRunner.privateRun(SuiteRunner.java:373)
at org.testng.SuiteRunner.run(SuiteRunner.java:312)
at org.testng.SuiteRunnerWorker.runSuite(SuiteRunnerWorker.java:52)
at org.testng.SuiteRunnerWorker.run(SuiteRunnerWorker.java:95)
at org.testng.TestNG.runSuitesSequentially(TestNG.java:1274)
at org.testng.TestNG.runSuitesLocally(TestNG.java:1208)
at org.testng.TestNG.runSuites(TestNG.java:1112)
at org.testng.TestNG.run(TestNG.java:1079)
at org.testng.remote.AbstractRemoteTestNG.run(AbstractRemoteTestNG.java:115)
at org.testng.remote.RemoteTestNG.initAndRun(RemoteTestNG.java:293)
at org.testng.remote.RemoteTestNG.main(RemoteTestNG.java:91)
]]>
    </error>
  </testcase> <!-- testMyAssetsPageDisplayed -->
  <testcase classname="tests.user.SidebarMenu.UserMyAssetTest" name="testSearchMyAssetsIfThere" time="0.000">
    <skipped/>
  </testcase> <!-- testSearchMyAssetsIfThere -->
</testsuite> <!-- tests.user.SidebarMenu.UserMyAssetTest -->
