<?xml version="1.0" encoding="UTF-8"?>
<!-- Generated by org.testng.reporters.JUnitReportReporter -->
<testsuite hostname="DESKTOP-VSH99KT" failures="0" tests="8" name="tests.user.SidebarMenu.UserHelpVideosTest" time="57.938" errors="0" timestamp="2025-12-26T12:17:11 IST" skipped="0">
  <testcase classname="tests.user.SidebarMenu.UserHelpVideosTest" name="testHelpVideosPageDisplayed" time="33.860"/>
  <testcase classname="tests.user.SidebarMenu.UserHelpVideosTest" name="testAttendanceHelpVideos" time="2.063"/>
  <testcase classname="tests.user.SidebarMenu.UserHelpVideosTest" name="testLeaveHelpVideos" time="2.792"/>
  <testcase classname="tests.user.SidebarMenu.UserHelpVideosTest" name="testLoanHelpVideos" time="2.725"/>
  <testcase classname="tests.user.SidebarMenu.UserHelpVideosTest" name="testReportHelpVideos" time="3.146"/>
  <testcase classname="tests.user.SidebarMenu.UserHelpVideosTest" name="testExpenseHelpVideos" time="2.992"/>
  <testcase classname="tests.user.SidebarMenu.UserHelpVideosTest" name="testMessageHelpVideos" time="3.620"/>
  <testcase classname="tests.user.SidebarMenu.UserHelpVideosTest" name="testLogoutAfterHelpVideos" time="6.740"/>
</testsuite> <!-- tests.user.SidebarMenu.UserHelpVideosTest -->
