<?xml version="1.0" encoding="UTF-8"?>
<!-- Generated by org.testng.reporters.JUnitReportReporter -->
<testsuite hostname="DESKTOP-VSH99KT" failures="0" tests="1" name="tests.user.SidebarMenu.UserEditProfileTest" time="223.873" errors="1" timestamp="2026-01-09T18:28:30 IST" skipped="0">
  <testcase classname="tests.user.SidebarMenu.UserEditProfileTest" name="testUpdateProfileWithAllMandatoryFields" time="223.873">
    <error message="Failed to select date of birth" type="java.lang.RuntimeException">
      <![CDATA[java.lang.RuntimeException: Failed to select date of birth
at page.user.sidebarMenu.UserEditProfilePage.selectDateOfBirth(UserEditProfilePage.java:216)
at tests.user.SidebarMenu.UserEditProfileTest.testUpdateProfileWithAllMandatoryFields(UserEditProfileTest.java:61)
at java.base/jdk.internal.reflect.DirectMethodHandleAccessor.invoke(DirectMethodHandleAccessor.java:103)
at java.base/java.lang.reflect.Method.invoke(Method.java:580)
at org.testng.internal.invokers.MethodInvocationHelper.invokeMethod(MethodInvocationHelper.java:141)
at org.testng.internal.invokers.TestInvoker.invokeMethod(TestInvoker.java:687)
at org.testng.internal.invokers.TestInvoker.invokeTestMethod(TestInvoker.java:230)
at org.testng.internal.invokers.MethodRunner.runInSequence(MethodRunner.java:63)
at org.testng.internal.invokers.TestInvoker$MethodInvocationAgent.invoke(TestInvoker.java:995)
at org.testng.internal.invokers.TestInvoker.invokeTestMethods(TestInvoker.java:203)
at org.testng.internal.invokers.TestMethodWorker.invokeTestMethods(TestMethodWorker.java:154)
at org.testng.internal.invokers.TestMethodWorker.run(TestMethodWorker.java:134)
at java.base/java.util.ArrayList.forEach(ArrayList.java:1596)
at org.testng.TestRunner.privateRun(TestRunner.java:741)
at org.testng.TestRunner.run(TestRunner.java:616)
at org.testng.SuiteRunner.runTest(SuiteRunner.java:421)
at org.testng.SuiteRunner.runSequentially(SuiteRunner.java:413)
at org.testng.SuiteRunner.privateRun(SuiteRunner.java:373)
at org.testng.SuiteRunner.run(SuiteRunner.java:312)
at org.testng.SuiteRunnerWorker.runSuite(SuiteRunnerWorker.java:52)
at org.testng.SuiteRunnerWorker.run(SuiteRunnerWorker.java:95)
at org.testng.TestNG.runSuitesSequentially(TestNG.java:1274)
at org.testng.TestNG.runSuitesLocally(TestNG.java:1208)
at org.testng.TestNG.runSuites(TestNG.java:1112)
at org.testng.TestNG.run(TestNG.java:1079)
at org.testng.remote.AbstractRemoteTestNG.run(AbstractRemoteTestNG.java:115)
at org.testng.remote.RemoteTestNG.initAndRun(RemoteTestNG.java:293)
at org.testng.remote.RemoteTestNG.main(RemoteTestNG.java:91)
Caused by: java.lang.RuntimeException: Could not find year 1990 after 20 scrolls
at page.user.sidebarMenu.UserEditProfilePage.scrollToYearSimple(UserEditProfilePage.java:250)
at page.user.sidebarMenu.UserEditProfilePage.selectDateOfBirth(UserEditProfilePage.java:200)
... 27 more
]]>
    </error>
  </testcase> <!-- testUpdateProfileWithAllMandatoryFields -->
</testsuite> <!-- tests.user.SidebarMenu.UserEditProfileTest -->
