<?xml version="1.0" encoding="UTF-8"?>
<!-- Generated by org.testng.reporters.JUnitReportReporter -->
<testsuite hostname="DESKTOP-VSH99KT" failures="0" tests="2" name="tests.common.UserLoginLogoutTest" time="109.946" errors="0" timestamp="2026-03-18T15:29:43 IST" skipped="0">
  <testcase classname="tests.common.UserLoginLogoutTest" name="testSuccessfulUserLoginLogout" time="95.774"/>
  <testcase classname="tests.common.UserLoginLogoutTest" name="testInvalidLogin" time="14.172"/>
</testsuite> <!-- tests.common.UserLoginLogoutTest -->
