<?xml version="1.0" encoding="UTF-8"?>
<!-- Generated by org.testng.reporters.JUnitReportReporter -->
<testsuite hostname="DESKTOP-VSH99KT" failures="0" tests="2" name="tests.user.SidebarMenu.UserTraineeTest" time="43.430" errors="0" timestamp="2025-12-11T10:30:17 IST" skipped="0">
  <testcase classname="tests.user.SidebarMenu.UserTraineeTest" name="testTraineePageDisplayed" time="35.595"/>
  <testcase classname="tests.user.SidebarMenu.UserTraineeTest" name="testSearchTrainingsIfThere" time="7.835"/>
</testsuite> <!-- tests.user.SidebarMenu.UserTraineeTest -->
