<?xml version="1.0" encoding="UTF-8"?>
<!-- Generated by org.testng.reporters.JUnitReportReporter -->
<testsuite hostname="DESKTOP-VSH99KT" failures="0" tests="7" name="tests.user.dashboard.UserAttendanceTest" time="114.069" errors="0" timestamp="2026-02-19T17:26:50 IST" skipped="0">
  <testcase classname="tests.user.dashboard.UserAttendanceTest" name="userLoginTest" time="40.231"/>
  <testcase classname="tests.user.dashboard.UserAttendanceTest" name="openAttendanceSection" time="11.453"/>
  <testcase classname="tests.user.dashboard.UserAttendanceTest" name="testCheckInFlow" time="17.086"/>
  <testcase classname="tests.user.dashboard.UserAttendanceTest" name="testAlreadyCheckedInState" time="4.976"/>
  <testcase classname="tests.user.dashboard.UserAttendanceTest" name="testCheckOutFlow" time="13.335"/>
  <testcase classname="tests.user.dashboard.UserAttendanceTest" name="verifyAttendanceRecord" time="5.177"/>
  <testcase classname="tests.user.dashboard.UserAttendanceTest" name="logOutAterAttendanceProcess" time="21.811"/>
</testsuite> <!-- tests.user.dashboard.UserAttendanceTest -->
