<?xml version="1.0" encoding="UTF-8"?>
<!-- Generated by org.testng.reporters.JUnitReportReporter -->
<testsuite hostname="DESKTOP-VSH99KT" failures="0" tests="2" name="tests.common.AdminLoginLogoutTest" time="78.771" errors="0" timestamp="2026-03-18T15:49:14 IST" skipped="0">
  <testcase classname="tests.common.AdminLoginLogoutTest" name="testSuccessfulAdminLoginLogout" time="65.693"/>
  <testcase classname="tests.common.AdminLoginLogoutTest" name="testInvalidLogin" time="13.078"/>
</testsuite> <!-- tests.common.AdminLoginLogoutTest -->
